2022-05-23 11:39:02,714 [INFO] com.example.SpringLoggingApplication [main] Starting SpringLoggingApplication using Java 17.0.2 on INBLRGVE120W57S with PID 16988 (C:\Users\252008\Documents\workspace-spring-tool-suite-4-4.14.0.RELEASE\logging\target\classes started by 252008 in C:\Users\252008\Documents\workspace-spring-tool-suite-4-4.14.0.RELEASE\logging)
2022-05-23 11:39:02,717 [DEBUG] com.example.SpringLoggingApplication [main] Running with Spring Boot v2.7.0, Spring v5.3.20
2022-05-23 11:39:02,718 [INFO] com.example.SpringLoggingApplication [main] No active profile set, falling back to 1 default profile: "default"
2022-05-23 11:39:04,041 [INFO] org.springframework.boot.web.embedded.tomcat.TomcatWebServer [main] Tomcat initialized with port(s): 8080 (http)
2022-05-23 11:39:04,060 [INFO] org.apache.catalina.core.StandardService [main] Starting service [Tomcat]
2022-05-23 11:39:04,060 [INFO] org.apache.catalina.core.StandardEngine [main] Starting Servlet engine: [Apache Tomcat/9.0.63]
2022-05-23 11:39:04,226 [INFO] org.apache.catalina.core.ContainerBase.[Tomcat].[localhost].[/] [main] Initializing Spring embedded WebApplicationContext
2022-05-23 11:39:04,226 [INFO] org.springframework.boot.web.servlet.context.ServletWebServerApplicationContext [main] Root WebApplicationContext: initialization completed in 1430 ms
2022-05-23 11:39:04,797 [WARN] org.springframework.boot.web.servlet.context.AnnotationConfigServletWebServerApplicationContext [main] Exception encountered during context initialization - cancelling refresh attempt: org.springframework.context.ApplicationContextException: Failed to start bean 'webServerStartStop'; nested exception is org.springframework.boot.web.server.PortInUseException: Port 8080 is already in use
2022-05-23 11:39:04,804 [INFO] org.apache.catalina.core.StandardService [main] Stopping service [Tomcat]
2022-05-23 11:39:04,845 [INFO] org.springframework.boot.autoconfigure.logging.ConditionEvaluationReportLoggingListener [main] 

Error starting ApplicationContext. To display the conditions report re-run your application with 'debug' enabled.
2022-05-23 11:39:04,879 [ERROR] org.springframework.boot.diagnostics.LoggingFailureAnalysisReporter [main] 

***************************
APPLICATION FAILED TO START
***************************

Description:

Web server failed to start. Port 8080 was already in use.

Action:

Identify and stop the process that's listening on port 8080 or configure this application to listen on another port.

2022-05-23 11:39:17,950 [INFO] com.example.SpringLoggingApplication [main] Starting SpringLoggingApplication using Java 17.0.2 on INBLRGVE120W57S with PID 8196 (C:\Users\252008\Documents\workspace-spring-tool-suite-4-4.14.0.RELEASE\logging\target\classes started by 252008 in C:\Users\252008\Documents\workspace-spring-tool-suite-4-4.14.0.RELEASE\logging)
2022-05-23 11:39:17,953 [DEBUG] com.example.SpringLoggingApplication [main] Running with Spring Boot v2.7.0, Spring v5.3.20
2022-05-23 11:39:17,959 [INFO] com.example.SpringLoggingApplication [main] No active profile set, falling back to 1 default profile: "default"
2022-05-23 11:39:19,396 [INFO] org.springframework.boot.web.embedded.tomcat.TomcatWebServer [main] Tomcat initialized with port(s): 8080 (http)
2022-05-23 11:39:19,407 [INFO] org.apache.catalina.core.StandardService [main] Starting service [Tomcat]
2022-05-23 11:39:19,408 [INFO] org.apache.catalina.core.StandardEngine [main] Starting Servlet engine: [Apache Tomcat/9.0.63]
2022-05-23 11:39:19,553 [INFO] org.apache.catalina.core.ContainerBase.[Tomcat].[localhost].[/] [main] Initializing Spring embedded WebApplicationContext
2022-05-23 11:39:19,553 [INFO] org.springframework.boot.web.servlet.context.ServletWebServerApplicationContext [main] Root WebApplicationContext: initialization completed in 1497 ms
2022-05-23 11:39:20,136 [INFO] org.springframework.boot.web.embedded.tomcat.TomcatWebServer [main] Tomcat started on port(s): 8080 (http) with context path ''
2022-05-23 11:39:20,154 [INFO] com.example.SpringLoggingApplication [main] Started SpringLoggingApplication in 2.758 seconds (JVM running for 4.148)
2022-05-23 11:39:28,977 [INFO] org.apache.catalina.core.ContainerBase.[Tomcat].[localhost].[/] [http-nio-8080-exec-1] Initializing Spring DispatcherServlet 'dispatcherServlet'
2022-05-23 11:39:28,978 [INFO] org.springframework.web.servlet.DispatcherServlet [http-nio-8080-exec-1] Initializing Servlet 'dispatcherServlet'
2022-05-23 11:39:28,980 [INFO] org.springframework.web.servlet.DispatcherServlet [http-nio-8080-exec-1] Completed initialization in 1 ms
2022-05-23 11:39:29,030 [TRACE] com.example.HomeController [http-nio-8080-exec-1] FATAL ERROR
2022-05-23 11:40:42,614 [TRACE] com.example.HomeController [http-nio-8080-exec-4] FATAL ERROR
2022-05-23 11:40:42,785 [TRACE] com.example.HomeController [http-nio-8080-exec-5] FATAL ERROR
2022-05-23 11:40:42,927 [TRACE] com.example.HomeController [http-nio-8080-exec-6] FATAL ERROR
2022-05-23 11:40:43,081 [TRACE] com.example.HomeController [http-nio-8080-exec-7] FATAL ERROR
2022-05-23 11:40:43,215 [TRACE] com.example.HomeController [http-nio-8080-exec-8] FATAL ERROR
2022-05-23 12:39:07,460 [INFO] org.springframework.boot.admin.SpringApplicationAdminMXBeanRegistrar$SpringApplicationAdmin [RMI TCP Connection(63)-127.0.0.1] Application shutdown requested.
